<?xml version="1.0" encoding="UTF-8"?>
<!-- Generated by org.testng.reporters.JUnitReportReporter -->
<testsuite hostname="LAPTOP-FP1OJVDS" failures="0" tests="1" name="com.mavenproj.jenkinsexample.TC001_GoogleHomeScreen" time="13.430" errors="0" timestamp="2021-07-20T17:50:17 IST" skipped="0">
  <testcase classname="com.mavenproj.jenkinsexample.TC001_GoogleHomeScreen" name="GoogleHome" time="13.430"/>
  <system-out/>
</testsuite> <!-- com.mavenproj.jenkinsexample.TC001_GoogleHomeScreen -->
