<?xml version="1.0" encoding="UTF-8"?>
<!-- Generated by org.testng.reporters.JUnitReportReporter -->
<testsuite hostname="LAPTOP-FP1OJVDS" failures="0" tests="1" name="com.mavenproj.jenkinsexample.cases.TC001_GoogleHomeScreen" time="31.542" errors="0" timestamp="2021-07-20T23:10:36 IST" skipped="0">
  <testcase classname="com.mavenproj.jenkinsexample.cases.TC001_GoogleHomeScreen" name="validateBrowsers" time="31.542"/>
  <system-out/>
</testsuite> <!-- com.mavenproj.jenkinsexample.cases.TC001_GoogleHomeScreen -->
